%!Adobe-FontList 1.13
%Locale:0x409

%BeginFont
Handler:DirectoryHandler
FontType:Invalid
OutlineFileName:C:\Users\Jared\Pictures\Design\Font Awesome\FortAwesome-Font-Awesome-99b5966\Font\fontawesome-webfont.eot
FileModTime:1339110362
%EndFont

%BeginFont
Handler:DirectoryHandler
FontType:Invalid
OutlineFileName:C:\Users\Jared\Pictures\Design\Font Awesome\FortAwesome-Font-Awesome-99b5966\Font\fontawesome-webfont.svg
FileModTime:1339110362
%EndFont

%BeginFont
Handler:DirectoryHandler
FontType:TrueType
FontName:FontAwesome
FamilyName:FontAwesome
StyleName:Regular
FullName:FontAwesome Regular
MenuName:FontAwesome
StyleBits:0
WritingScript:Roman
OutlineFileName:C:\Users\Jared\Pictures\Design\Font Awesome\FortAwesome-Font-Awesome-99b5966\Font\fontawesome-webfont.ttf
DataFormat:sfntData
FileLength:68476
FileModTime:1339110362
WeightClass:400
WidthClass:5
AngleClass:0
%EndFont

%BeginFont
Handler:DirectoryHandler
FontType:Invalid
OutlineFileName:C:\Users\Jared\Pictures\Design\Font Awesome\FortAwesome-Font-Awesome-99b5966\Font\fontawesome-webfont.woff
FileModTime:1339110362
%EndFont

